<?xml version="1.0" encoding="UTF-8"?>
<!-- Generated by org.testng.reporters.JUnitReportReporter -->
<testsuite skipped="1" hostname="DESKTOP-AELALK6" name="TestNG.SampleTestNG2" tests="3" failures="0" timestamp="2023-12-17T12:02:08 EST" time="0.057" errors="0">
  <testcase name="testcase1" time="0.041" classname="TestNG.SampleTestNG2"/>
  <system-out/>
  <testcase name="testcase3" time="0.016" classname="TestNG.SampleTestNG2"/>
  <system-out/>
  <testcase name="testcase4" classname="TestNG.SampleTestNG2">
    <skipped/>
  </testcase> <!-- testcase4 -->
  <system-out/>
</testsuite> <!-- TestNG.SampleTestNG2 -->
