<?xml version="1.0" encoding="UTF-8"?>
<!-- Generated by org.testng.reporters.JUnitReportReporter -->
<testsuite skipped="1" hostname="DESKTOP-AELALK6" name="TestNG.SampleTestNG" tests="4" failures="0" timestamp="2023-12-17T12:00:43 EST" time="0.062" errors="0">
  <testcase name="testcase2" time="0.008" classname="TestNG.SampleTestNG"/>
  <system-out/>
  <testcase name="testcase3" time="0.045" classname="TestNG.SampleTestNG"/>
  <system-out/>
  <testcase name="testcase1" time="0.009" classname="TestNG.SampleTestNG"/>
  <system-out/>
  <testcase name="testcase4" classname="TestNG.SampleTestNG">
    <skipped/>
  </testcase> <!-- testcase4 -->
  <system-out/>
</testsuite> <!-- TestNG.SampleTestNG -->
